<?xml version="1.0" encoding="UTF-8"?>
<testng-results skipped="0" failed="0" ignored="0" total="2" passed="2">
  <reporter-output>
  </reporter-output>
  <suite name="Suite" duration-ms="5863" started-at="2019-06-10T12:34:32Z" finished-at="2019-06-10T12:34:38Z">
    <groups>
    </groups>
    <test name="Test" duration-ms="5863" started-at="2019-06-10T12:34:32Z" finished-at="2019-06-10T12:34:38Z">
      <class name="example.NewTest">
        <test-method status="PASS" signature="beforeTest()[pri:0, instance:example.NewTest@1e67b872]" name="beforeTest" is-config="true" duration-ms="955" started-at="2019-06-10T12:34:32Z" finished-at="2019-06-10T12:34:33Z">
          <reporter-output>
          </reporter-output>
        </test-method> <!-- beforeTest -->
        <test-method status="PASS" signature="testEasy()[pri:0, instance:example.NewTest@1e67b872]" name="testEasy" duration-ms="4818" started-at="2019-06-10T12:34:33Z" finished-at="2019-06-10T12:34:38Z">
          <reporter-output>
          </reporter-output>
        </test-method> <!-- testEasy -->
        <test-method status="PASS" signature="afterTest()[pri:0, instance:example.NewTest@1e67b872]" name="afterTest" is-config="true" duration-ms="67" started-at="2019-06-10T12:34:38Z" finished-at="2019-06-10T12:34:38Z">
          <reporter-output>
          </reporter-output>
        </test-method> <!-- afterTest -->
      </class> <!-- example.NewTest -->
      <class name="com.qait.selenium.AppTest">
        <test-method status="PASS" signature="testApp()[pri:0, instance:com.qait.selenium.AppTest@60addb54]" name="testApp" duration-ms="2" started-at="2019-06-10T12:34:33Z" finished-at="2019-06-10T12:34:33Z">
          <reporter-output>
          </reporter-output>
        </test-method> <!-- testApp -->
      </class> <!-- com.qait.selenium.AppTest -->
    </test> <!-- Test -->
  </suite> <!-- Suite -->
</testng-results>
